Log file open, 10/08/17 19:34:02
LogWindows: Failed to load 'aqProf.dll' (GetLastError=126)
LogWindows: File 'aqProf.dll' does not exist
LogWindows: Failed to load 'VtuneApi.dll' (GetLastError=126)
LogWindows: File 'VtuneApi.dll' does not exist
LogWindows: Failed to load 'VtuneApi32e.dll' (GetLastError=126)
LogWindows: File 'VtuneApi32e.dll' does not exist
LogInit: Display: Running engine for game: My2DReal
LogPlatformFile: Not using cached read wrapper
LogInit: Display: RandInit(999124847) SRandInit(999124847).
LogTaskGraph: Started task graph with 5 named threads and 8 total threads with 3 sets of task threads.
LogStats: Stats thread started at 0.132875
LogD3D11RHI: Aftermath initialized
LogPluginManager: Mounting plugin Paper2D
LogPluginManager: Mounting plugin LightPropagationVolume
LogPluginManager: Mounting plugin CodeLiteSourceCodeAccess
LogPluginManager: Mounting plugin GitSourceControl
LogPluginManager: Mounting plugin KDevelopSourceCodeAccess
LogPluginManager: Mounting plugin NullSourceCodeAccess
LogPluginManager: Mounting plugin PerforceSourceControl
LogPluginManager: Mounting plugin SubversionSourceControl
LogPluginManager: Mounting plugin UObjectPlugin
LogPluginManager: Mounting plugin VisualStudioSourceCodeAccess
LogPluginManager: Mounting plugin XCodeSourceCodeAccess
LogPluginManager: Mounting plugin AssetManagerEditor
LogPluginManager: Mounting plugin AudioCapture
LogPluginManager: Mounting plugin FacialAnimation
LogPluginManager: Mounting plugin GameplayTagsEditor
LogPluginManager: Mounting plugin MobileLauncherProfileWizard
LogPluginManager: Mounting plugin PluginBrowser
LogPluginManager: Mounting plugin SpeedTreeImporter
LogPluginManager: Mounting plugin AlembicImporter
LogPluginManager: Mounting plugin CharacterAI
LogPluginManager: Mounting plugin HTML5Networking
LogPluginManager: Mounting plugin AndroidMedia
LogPluginManager: Mounting plugin AvfMedia
LogPluginManager: Mounting plugin MediaPlayerEditor
LogPluginManager: Mounting plugin WmfMedia
LogPluginManager: Mounting plugin TcpMessaging
LogPluginManager: Mounting plugin UdpMessaging
LogPluginManager: Mounting plugin LevelSequenceEditor
LogPluginManager: Mounting plugin MatineeToLevelSequence
LogPluginManager: Mounting plugin OnlineSubsystemGooglePlay
LogPluginManager: Mounting plugin OnlineSubsystemIOS
LogPluginManager: Mounting plugin OnlineSubsystem
LogPluginManager: Mounting plugin OnlineSubsystemNull
LogPluginManager: Mounting plugin OnlineSubsystemUtils
LogPluginManager: Mounting plugin AndroidDeviceProfileSelector
LogPluginManager: Mounting plugin AndroidMoviePlayer
LogPluginManager: Mounting plugin AndroidPermission
LogPluginManager: Mounting plugin AppleMoviePlayer
LogPluginManager: Mounting plugin ArchVisCharacter
LogPluginManager: Mounting plugin CableComponent
LogPluginManager: Mounting plugin CustomMeshComponent
LogPluginManager: Mounting plugin ExampleDeviceProfileSelector
LogPluginManager: Mounting plugin GoogleCloudMessaging
LogPluginManager: Mounting plugin ImmediatePhysics
LogPluginManager: Mounting plugin IOSDeviceProfileSelector
LogPluginManager: Mounting plugin LinuxDeviceProfileSelector
LogPluginManager: Mounting plugin LocationServicesBPLibrary
LogPluginManager: Mounting plugin MobilePatchingUtils
LogPluginManager: Mounting plugin OculusVR
LogPluginManager: Mounting plugin PhysXVehicles
LogPluginManager: Mounting plugin ProceduralMeshComponent
LogPluginManager: Mounting plugin RuntimePhysXCooking
LogPluginManager: Mounting plugin SteamVR
LogPluginManager: Mounting plugin WindowsMoviePlayer
LogInit: Using libcurl 7.47.1
LogInit:  - built for x86_64-pc-win32
LogInit:  - supports SSL with OpenSSL/1.0.2g
LogInit:  - supports HTTP deflate (compression) using libz 1.2.8
LogInit:  - other features:
LogInit:      CURL_VERSION_SSL
LogInit:      CURL_VERSION_LIBZ
LogInit:      CURL_VERSION_IPV6
LogInit:      CURL_VERSION_ASYNCHDNS
LogInit:      CURL_VERSION_LARGEFILE
LogInit:      CURL_VERSION_IDN
LogInit:  CurlRequestOptions (configurable via config and command line):
LogInit:  - bVerifyPeer = false  - Libcurl will NOT verify peer certificate
LogInit:  - bUseHttpProxy = false  - Libcurl will NOT use HTTP proxy
LogInit:  - bDontReuseConnections = false  - Libcurl will reuse connections
LogInit:  - CertBundlePath = nullptr  - Libcurl will use whatever was configured at build time.
LogInit: Build: ++UE4+Release-4.17-CL-3658906
LogInit: Engine Version: 4.17.2-3658906+++UE4+Release-4.17
LogInit: Compatible Engine Version: 4.17.0-3573198+++UE4+Release-4.17
LogInit: Net CL: 3573198
LogDevObjectVersion: Number of dev versions registered: 16
LogDevObjectVersion:   Dev-Blueprints (B0D832E4-1F89-4F0D-ACCF-7EB736FD4AA2): 10
LogDevObjectVersion:   Dev-Build (E1C64328-A22C-4D53-A36C-8E866417BD8C): 0
LogDevObjectVersion:   Dev-Core (375EC13C-06E4-48FB-B500-84F0262A717E): 2
LogDevObjectVersion:   Dev-Editor (E4B068ED-F494-42E9-A231-DA0B2E46BB41): 20
LogDevObjectVersion:   Dev-Framework (CFFC743F-43B0-4480-9391-14DF171D2073): 28
LogDevObjectVersion:   Dev-Mobile (B02B49B5-BB20-44E9-A304-32B752E40360): 0
LogDevObjectVersion:   Dev-Networking (A4E4105C-59A1-49B5-A7C5-40C4547EDFEE): 0
LogDevObjectVersion:   Dev-Online (39C831C9-5AE6-47DC-9A44-9C173E1C8E7C): 0
LogDevObjectVersion:   Dev-Physics (78F01B33-EBEA-4F98-B9B4-84EACCB95AA2): 0
LogDevObjectVersion:   Dev-Platform (6631380F-2D4D-43E0-8009-CF276956A95A): 0
LogDevObjectVersion:   Dev-Rendering (12F88B9F-8875-4AFC-A67C-D90C383ABD29): 19
LogDevObjectVersion:   Dev-Sequencer (7B5AE74C-D270-4C10-A958-57980B212A5A): 4
LogDevObjectVersion:   Dev-VR (D7296918-1DD6-4BDD-9DE2-64A83CC13884): 0
LogDevObjectVersion:   Dev-LoadTimes (C2A15278-BFE7-4AFE-6C17-90FF531DF755): 1
LogDevObjectVersion:   Private-Geometry (6EACA3D4-40EC-4CC1-B786-8BED09428FC5): 1
LogDevObjectVersion:   Dev-AnimPhys (29E575DD-E0A3-4627-9D10-D276232CDCEA): 7
LogInit: Compiled (64-bit): Sep 22 2017 13:47:16
LogInit: Compiled with Visual C++: 19.00.24215.01
LogInit: Build Configuration: Development
LogInit: Branch Name: ++UE4+Release-4.17
LogInit: Command line: -EpicPortal 
LogInit: Base directory: C:/Program Files/Epic Games/UE_4.17/Engine/Binaries/Win64/
LogInit: Installed Engine Build: 1
LogInit: Presizing for max 8388607 objects, including 0 objects not considered by GC, pre-allocating 0 bytes for permanent pool.
LogInit: Object subsystem initialized
[2017.10.09-02.34.02:987][  0]LogInit: Selected Device Profile: [Windows]
[2017.10.09-02.34.02:987][  0]LogInit: Applying CVar settings loaded from the selected device profile: [Windows]
[2017.10.09-02.34.03:001][  0]LogInit: Computer: LAPTOP-THAHA8LT
[2017.10.09-02.34.03:001][  0]LogInit: User: 1111
[2017.10.09-02.34.03:001][  0]LogInit: CPU Page size=4096, Cores=2
[2017.10.09-02.34.03:001][  0]LogInit: High frequency timer resolution =2.156251 MHz
[2017.10.09-02.34.03:001][  0]LogMemory: Memory total: Physical=7.6GB (8GB approx)
[2017.10.09-02.34.03:001][  0]LogMemory: Platform Memory Stats for Windows
[2017.10.09-02.34.03:001][  0]LogMemory: Process Physical Memory: 278.62 MB used, 278.62 MB peak
[2017.10.09-02.34.03:001][  0]LogMemory: Process Virtual Memory: 281.55 MB used, 281.55 MB peak
[2017.10.09-02.34.03:001][  0]LogMemory: Physical Memory: 5100.95 MB used,  2671.55 MB free, 7772.49 MB total
[2017.10.09-02.34.03:001][  0]LogMemory: Virtual Memory: 672.94 MB used,  2671.55 MB free, 134217728.00 MB total
[2017.10.09-02.34.03:153][  0]LogInit: Using OS detected language (en-US).
[2017.10.09-02.34.03:153][  0]LogInit: Using OS detected locale (en-US).
[2017.10.09-02.34.03:156][  0]LogTextLocalizationManager: No specific localization for 'en-US' exists, so the 'en' localization will be used.
[2017.10.09-02.34.03:951][  0]LogD3D11RHI: D3D11 adapters:
[2017.10.09-02.34.03:958][  0]LogD3D11RHI:    0. 'Intel(R) Iris(TM) Graphics 540' (Feature Level 11_0)
[2017.10.09-02.34.03:959][  0]LogD3D11RHI:       128/0/3886 MB DedicatedVideo/DedicatedSystem/SharedSystem, Outputs:1, VendorId:0x8086
[2017.10.09-02.34.03:960][  0]LogD3D11RHI:    1. 'Microsoft Basic Render Driver' (Feature Level 11_0)
[2017.10.09-02.34.03:960][  0]LogD3D11RHI:       0/0/3886 MB DedicatedVideo/DedicatedSystem/SharedSystem, Outputs:0, VendorId:0x1414
[2017.10.09-02.34.03:960][  0]LogD3D11RHI: Chosen D3D11 Adapter: 0
[2017.10.09-02.34.03:967][  0]LogD3D11RHI: Creating new Direct3DDevice
[2017.10.09-02.34.03:967][  0]LogD3D11RHI:     GPU DeviceId: 0x1926 (for the marketing name, search the web for "GPU Device Id")
[2017.10.09-02.34.03:967][  0]LogWindows: EnumDisplayDevices:
[2017.10.09-02.34.03:968][  0]LogWindows:    0. 'Intel(R) Iris(TM) Graphics 540' (P:1 D:1)
[2017.10.09-02.34.03:968][  0]LogWindows:    1. 'Intel(R) Iris(TM) Graphics 540' (P:0 D:0)
[2017.10.09-02.34.03:968][  0]LogWindows:    2. 'Intel(R) Iris(TM) Graphics 540' (P:0 D:0)
[2017.10.09-02.34.03:968][  0]LogWindows: DebugString: FoundDriverCount:3 
[2017.10.09-02.34.03:968][  0]LogD3D11RHI:     Adapter Name: Intel(R) Iris(TM) Graphics 540
[2017.10.09-02.34.03:968][  0]LogD3D11RHI:   Driver Version: 21.20.16.4550 (internal:21.20.16.4550, unified:21.20.16.4550)
[2017.10.09-02.34.03:968][  0]LogD3D11RHI:      Driver Date: 11-11-2016
[2017.10.09-02.34.03:968][  0]LogRHI: Texture pool is 1361 MB (70% of 1945 MB)
[2017.10.09-02.34.03:974][  0]LogD3D11RHI: Async texture creation enabled
[2017.10.09-02.34.03:980][  0]LogD3D11RHI: GPU Timing Frequency: 12.000000 (Debug: 2 0)
[2017.10.09-02.34.03:981][  0]LogShaderCompilers: Guid format shader working directory is -19 characters bigger than the processId version (../../../../../../Users/1111/Documents/Unreal Projects/My2DReal/Intermediate/Shaders/WorkingDirectory/14520/).
[2017.10.09-02.34.03:981][  0]LogShaderCompilers: Cleaned the shader compiler working directory 'C:/Users/1111/AppData/Local/Temp/UnrealShaderWorkingDir/E1429D4E40C2ECD81C251893305FD5A7/'.
[2017.10.09-02.34.03:982][  0]LogShaderCompilers: Display: Using Local Shader Compiler.
[2017.10.09-02.34.04:905][  0]LogTemp: Display: Loaded TP AllDesktopTargetPlatform
[2017.10.09-02.34.04:952][  0]LogTemp: Display: Loaded TP MacClientTargetPlatform
[2017.10.09-02.34.04:999][  0]LogTemp: Display: Loaded TP MacNoEditorTargetPlatform
[2017.10.09-02.34.05:045][  0]LogTemp: Display: Loaded TP MacServerTargetPlatform
[2017.10.09-02.34.05:091][  0]LogTemp: Display: Loaded TP MacTargetPlatform
[2017.10.09-02.34.05:138][  0]LogTemp: Display: Loaded TP WindowsClientTargetPlatform
[2017.10.09-02.34.05:184][  0]LogTemp: Display: Loaded TP WindowsNoEditorTargetPlatform
[2017.10.09-02.34.05:230][  0]LogTemp: Display: Loaded TP WindowsServerTargetPlatform
[2017.10.09-02.34.05:270][  0]LogTemp: Display: Loaded TP WindowsTargetPlatform
[2017.10.09-02.34.05:317][  0]LogTemp: Display: Loaded TP AndroidTargetPlatform
[2017.10.09-02.34.05:362][  0]LogTemp: Display: Loaded TP Android_ASTCTargetPlatform
[2017.10.09-02.34.05:406][  0]LogTemp: Display: Loaded TP Android_ATCTargetPlatform
[2017.10.09-02.34.05:451][  0]LogTemp: Display: Loaded TP Android_DXTTargetPlatform
[2017.10.09-02.34.05:496][  0]LogTemp: Display: Loaded TP Android_ETC1TargetPlatform
[2017.10.09-02.34.05:540][  0]LogTemp: Display: Loaded TP Android_ETC2TargetPlatform
[2017.10.09-02.34.05:632][  0]LogTemp: Display: Loaded TP Android_MultiTargetPlatform
[2017.10.09-02.34.05:632][  0]LogTemp: Display: Loaded TP Android_PVRTCTargetPlatform
[2017.10.09-02.34.05:668][  0]LogTemp: Display: Loaded TP HTML5TargetPlatform
[2017.10.09-02.34.05:754][  0]LogTemp: Display: Loaded TP IOSTargetPlatform
[2017.10.09-02.34.05:785][  0]LogTemp: Display: Loaded TP TVOSTargetPlatform
[2017.10.09-02.34.05:835][  0]LogTemp: Display: Loaded TP LinuxClientTargetPlatform
[2017.10.09-02.34.05:881][  0]LogTemp: Display: Loaded TP LinuxNoEditorTargetPlatform
[2017.10.09-02.34.05:927][  0]LogTemp: Display: Loaded TP LinuxServerTargetPlatform
[2017.10.09-02.34.05:973][  0]LogTemp: Display: Loaded TP LinuxTargetPlatform
[2017.10.09-02.34.05:973][  0]LogTargetPlatformManager: Display: Building Assets For Windows
[2017.10.09-02.34.06:468][  0]LogDerivedDataCache: Display: Max Cache Size: 512 MB
[2017.10.09-02.34.06:575][  0]LogDerivedDataCache: Loaded boot cache 0.11s 93MB C:/Users/1111/AppData/Local/UnrealEngine/4.17/DerivedDataCache/Boot.ddc.
[2017.10.09-02.34.06:575][  0]LogDerivedDataCache: Display: Loaded Boot cache: C:/Users/1111/AppData/Local/UnrealEngine/4.17/DerivedDataCache/Boot.ddc
[2017.10.09-02.34.06:575][  0]LogDerivedDataCache: FDerivedDataBackendGraph:  Pak pak cache file ../../../../../../Users/1111/Documents/Unreal Projects/My2DReal/DerivedDataCache/DDC.ddp not found, will not use a pak cache.
[2017.10.09-02.34.06:575][  0]LogDerivedDataCache: Unable to find inner node Pak for hierarchical cache Hierarchy.
[2017.10.09-02.34.06:575][  0]LogDerivedDataCache: FDerivedDataBackendGraph:  CompressedPak pak cache file ../../../../../../Users/1111/Documents/Unreal Projects/My2DReal/DerivedDataCache/Compressed.ddp not found, will not use a pak cache.
[2017.10.09-02.34.06:575][  0]LogDerivedDataCache: Unable to find inner node CompressedPak for hierarchical cache Hierarchy.
[2017.10.09-02.34.06:593][  0]LogDerivedDataCache: Display: Pak cache opened for reading ../../../Engine/DerivedDataCache/Compressed.ddp.
[2017.10.09-02.34.06:605][  0]LogDerivedDataCache: Using Local data cache path C:/Users/1111/AppData/Local/UnrealEngine/Common/DerivedDataCache: Writable
[2017.10.09-02.34.06:617][  0]LogMaterial: Verifying Global Shaders for PCD3D_SM5
[2017.10.09-02.34.06:618][  0]LogSlate: Using Freetype 2.6.0
[2017.10.09-02.34.06:618][  0]LogSlate: SlateFontCache - WITH_FREETYPE: 1, WITH_HARFBUZZ: 1
[2017.10.09-02.34.06:618][  0]LogSlate: SlateFontCache - WITH_FREETYPE: 1, WITH_HARFBUZZ: 1
[2017.10.09-02.34.06:882][  0]LogAssetRegistry: FAssetRegistry took 0.0267 seconds to start up
[2017.10.09-02.34.06:999][  0]LogInit: Selected Device Profile: [Windows]
[2017.10.09-02.34.07:175][  0]LogContentStreaming: Texture pool size is 0.00 MB
[2017.10.09-02.34.07:457][  0]LogSimplygon: Simplygon DLL not present - disabling.
[2017.10.09-02.34.07:492][  0]LogMeshReduction: Using SimplygonSwarm for distributed automatic mesh merging
[2017.10.09-02.34.07:492][  0]LogMeshReduction: Using QuadricMeshReduction for automatic static mesh reduction
[2017.10.09-02.34.07:492][  0]LogMeshReduction: No automatic skeletal mesh reduction module available
[2017.10.09-02.34.07:492][  0]LogMeshReduction: No automatic mesh merging module available
[2017.10.09-02.34.07:492][  0]LogMeshMerging: No automatic mesh merging module available
[2017.10.09-02.34.07:869][  0]LogNetVersion: My2DReal , NetCL: 3573198, EngineNetVer: 2, GameNetVer: 0 (Checksum: 3009781184)
[2017.10.09-02.34.08:127][  0]LogPackageLocalizationCache: Processed 5 localized package path(s) for 2 prioritized culture(s) in 0.046304 seconds
[2017.10.09-02.34.08:133][  0]LogUObjectArray: 35825 objects as part of root set at end of initial load.
[2017.10.09-02.34.08:133][  0]LogUObjectAllocator: 7529112 out of 0 bytes used by permanent object pool.
[2017.10.09-02.34.08:133][  0]LogUObjectArray: CloseDisregardForGC: 0/0 objects in disregard for GC pool
[2017.10.09-02.34.08:193][  0]LogInit: WinSock: version 1.1 (2.2), MaxSocks=32767, MaxUdp=65467
[2017.10.09-02.34.10:545][  0]LogTcpMessaging: Initializing TcpMessaging bridge
[2017.10.09-02.34.10:582][  0]LogUdpMessaging: Initializing bridge on interface 0.0.0.0:0 to multicast group 230.0.0.1:6666.
[2017.10.09-02.34.11:207][  0]LogMaterial: Uniform references updated for custom material expression Custom.
[2017.10.09-02.34.11:605][  0]SourceControl: Source control is disabled
[2017.10.09-02.34.11:606][  0]SourceControl: Source control is disabled
[2017.10.09-02.34.11:647][  0]SourceControl: Source control is disabled
[2017.10.09-02.34.11:686][  0]SourceControl: Source control is disabled
[2017.10.09-02.34.12:186][  0]LogAndroidPermission: UAndroidPermissionCallbackProxy::GetInstance
[2017.10.09-02.34.12:393][  0]LogOcInput: OculusInput pre-init called
[2017.10.09-02.34.12:626][  0]LogEngine: Initializing Engine...
[2017.10.09-02.34.12:628][  0]LogHMD: Failed to initialize OpenVR with code 110
[2017.10.09-02.34.12:882][  0]LogStats: UGameplayTagsManager::ConstructGameplayTagTree: Construct from data asset -  0.000 s
[2017.10.09-02.34.12:882][  0]LogStats: UGameplayTagsManager::ConstructGameplayTagTree: GameplayTagTreeChangedEvent.Broadcast -  0.000 s
[2017.10.09-02.34.13:007][  0]LogAIModule: Creating AISystem for world Untitled
[2017.10.09-02.34.13:014][  0]LogInit: XAudio2 using 'Speakers (Realtek High Definition Audio)' : 2 channels at 48 kHz using 32 bits per sample (channel mask 0x3)
[2017.10.09-02.34.13:042][  0]LogInit: FAudioDevice initialized.
[2017.10.09-02.34.13:118][  0]LogDerivedDataCache: Saved boot cache 0.08s 93MB C:/Users/1111/AppData/Local/UnrealEngine/4.17/DerivedDataCache/Boot.ddc.
[2017.10.09-02.34.13:136][  0]LogInit: Texture streaming: Enabled
[2017.10.09-02.34.13:247][  0]LogEngineSessionManager: EngineSessionManager initialized
[2017.10.09-02.34.13:439][  0]LogInit: Transaction tracking system initialized
[2017.10.09-02.34.13:716][  0]BlueprintLog: New page: Editor Load
[2017.10.09-02.34.14:498][  0]LocalizationService: Localization service is disabled
[2017.10.09-02.34.15:146][  0]LogConsoleResponse: Display: 
[2017.10.09-02.34.15:355][  0]LogCook: Display: Max memory allowance for cook 16384mb min free memory 0mb
[2017.10.09-02.34.15:355][  0]LogCook: Display: Mobile HDR setting 1
[2017.10.09-02.34.15:355][  0]LogGameplayTags: Display: UGameplayTagsManager::DoneAddingNativeTags. DelegateIsBound: 0
[2017.10.09-02.34.15:612][  0]LogFileCache: Scanning file cache for directory 'C:/Users/1111/Documents/Unreal Projects/My2DReal/Content/' took 0.01s
[2017.10.09-02.34.16:395][  0]SourceControl: Source control is disabled
[2017.10.09-02.34.16:395][  0]Cmd: MAP LOAD FILE="../../../../../../Users/1111/Documents/Unreal Projects/My2DReal/Content/StarterContent/Maps/Minimal_Default.umap" TEMPLATE=0 SHOWPROGRESS=1 FEATURELEVEL=3
[2017.10.09-02.34.16:396][  0]LightingResults: New page: Lighting Build
[2017.10.09-02.34.16:455][  0]MapCheck: New page: Map Check
[2017.10.09-02.34.16:455][  0]LightingResults: New page: Lighting Build
[2017.10.09-02.34.16:842][  0]LogAIModule: Creating AISystem for world Minimal_Default
[2017.10.09-02.34.16:849][  0]LogEditorServer: Finished looking for orphan Actors (0.000 secs)
[2017.10.09-02.34.16:886][  0]Cmd: MAP CHECKDEP NOCLEARLOG
[2017.10.09-02.34.16:937][  0]MapCheck: Map check complete: 0 Error(s), 0 Warning(s), took 50.466ms to complete.
[2017.10.09-02.34.16:937][  0]LogFileHelpers: Loading map 'Minimal_Default' took 0.542
[2017.10.09-02.34.16:991][  0]LogWindowsTextInputMethodSystem: Display: IME system now deactivated.
[2017.10.09-02.34.17:081][  0]LogCollectionManager: Loaded 0 collections in 0.001497 seconds
[2017.10.09-02.34.17:163][  0]LogFileCache: Scanning file cache for directory 'C:/Users/1111/Documents/Unreal Projects/My2DReal/Saved/Collections/' took 0.01s
[2017.10.09-02.34.17:163][  0]LogFileCache: Scanning file cache for directory 'C:/Users/1111/Documents/Unreal Projects/My2DReal/Content/Developers/1111/Collections/' took 0.01s
[2017.10.09-02.34.17:163][  0]LogFileCache: Scanning file cache for directory 'C:/Users/1111/Documents/Unreal Projects/My2DReal/Content/Collections/' took 0.01s
[2017.10.09-02.34.17:163][  0]LogCollectionManager: Rebuilt the GUID cache for 0 collections in 0.000000 seconds
[2017.10.09-02.34.17:174][  0]LogContentBrowser: Native class hierarchy populated in 0.0109 seconds. Added 2386 classes and 500 folders.
[2017.10.09-02.34.17:238][  0]LogContentBrowser: Native class hierarchy updated for 'WidgetCarousel' in 0.0006 seconds. Added 0 classes and 0 folders.
[2017.10.09-02.34.17:271][  0]LogContentBrowser: Native class hierarchy updated for 'AddContentDialog' in 0.0007 seconds. Added 0 classes and 0 folders.
[2017.10.09-02.34.17:313][  0]LogContentBrowser: Native class hierarchy updated for 'SceneOutliner' in 0.0006 seconds. Added 1 classes and 2 folders.
[2017.10.09-02.34.17:381][  0]LogSlate: Took 0.000216 seconds to synchronously load lazily loaded font '../../../Engine/Content/Slate/Fonts/Roboto-Regular.ttf' (155K)
[2017.10.09-02.34.17:383][  0]LogSlate: Took 0.000197 seconds to synchronously load lazily loaded font '../../../Engine/Content/Slate/Fonts/Roboto-Bold.ttf' (160K)
[2017.10.09-02.34.17:393][  0]LogSlate: Took 0.000222 seconds to synchronously load lazily loaded font '../../../Engine/Content/Editor/Slate/Fonts/FontAwesome.ttf' (139K)
[2017.10.09-02.34.17:395][  0]LogSlate: Took 0.000142 seconds to synchronously load lazily loaded font '../../../Engine/Content/Editor/Slate/Fonts/DroidSansMono.ttf' (77K)
[2017.10.09-02.34.17:498][  0]LogRenderer: Reallocating scene render targets to support 964x436 Format 10 NumSamples 1 (Frame:1).
[2017.10.09-02.34.17:756][  0]LogContentBrowser: Native class hierarchy updated for 'HierarchicalLODOutliner' in 0.0008 seconds. Added 1 classes and 2 folders.
[2017.10.09-02.34.17:756][  0]LogLoad: (Engine Initialization) Total time: 16.46 seconds
[2017.10.09-02.34.17:757][  0]LogLoad: (Engine Initialization) Total Blueprint compile time: 0.00 seconds
[2017.10.09-02.34.17:757][  0]LogExternalProfiler: Found external profiler: VSPerf
[2017.10.09-02.34.17:757][  0]LogExternalProfiler: Using external profiler: VSPerf
[2017.10.09-02.34.17:788][  0]LogContentStreaming: Texture pool size now 1000 MB
[2017.10.09-02.34.17:807][  0]LogSlate: Took 0.000188 seconds to synchronously load lazily loaded font '../../../Engine/Content/Slate/Fonts/Roboto-Light.ttf' (159K)
[2017.10.09-02.34.17:840][  1]LogAssetRegistry: Asset discovery search completed in 10.9804 seconds
[2017.10.09-02.34.17:842][  1]LogCollectionManager: Rebuilt the object cache for 0 collections in 0.000001 seconds (found 0 objects)
[2017.10.09-02.34.17:842][  1]LogCollectionManager: Fixed up redirectors for 0 collections in 0.000184 seconds (updated 0 objects)
[2017.10.09-02.34.22:796][294]Cmd: MAP LOAD FILE="../../../../../../Users/1111/Documents/Unreal Projects/My2DReal/Content/Level1.umap" TEMPLATE=0 SHOWPROGRESS=1 FEATURELEVEL=3
[2017.10.09-02.34.22:802][294]LogSlate: Took 0.000252 seconds to synchronously load lazily loaded font '../../../Engine/Content/Slate/Fonts/Roboto-Light.ttf' (159K)
[2017.10.09-02.34.22:815][294]LightingResults: New page: Lighting Build
[2017.10.09-02.34.22:817][294]LoadErrors: New page: Loading map: Level1.umap
[2017.10.09-02.34.22:820][294]MapCheck: New page: Map Check
[2017.10.09-02.34.22:820][294]LightingResults: New page: Lighting Build
[2017.10.09-02.34.22:984][294]LogAIModule: Creating AISystem for world Level1
[2017.10.09-02.34.23:053][294]LogEditorServer: Finished looking for orphan Actors (0.000 secs)
[2017.10.09-02.34.23:118][294]Cmd: MAP CHECKDEP NOCLEARLOG
[2017.10.09-02.34.23:170][294]MapCheck: Map check complete: 0 Error(s), 0 Warning(s), took 51.286ms to complete.
[2017.10.09-02.34.23:170][294]LogFileHelpers: Loading map 'Level1' took 0.375
[2017.10.09-02.35.54:237][339]LogEditorViewport: Clicking Background
[2017.10.09-02.35.55:577][464]LogEditorViewport: Clicking Background
[2017.10.09-02.36.15:601][491]LogEditorViewport: Clicking Background
[2017.10.09-02.36.24:657][399]LogSlate: Took 0.007648 seconds to synchronously load lazily loaded font '../../../Engine/Content/Editor/Slate/Fonts/Roboto-BoldCondensed.ttf' (158K)
[2017.10.09-02.36.24:748][399]LogRenderer: Reallocating scene render targets to support 964x708 Format 10 NumSamples 1 (Frame:1).
[2017.10.09-02.37.14:636][ 38]Cmd: OBJ SAVEPACKAGE PACKAGE="/Game/Textures/BasicTileMap" FILE="../../../../../../Users/1111/Documents/Unreal Projects/My2DReal/Content/Textures/BasicTileMap.uasset" SILENT=true
[2017.10.09-02.37.14:703][ 38]LogSavePackage: Save=44.68ms
[2017.10.09-02.37.14:704][ 38]LogSavePackage: Moving '../../../../../../Users/1111/Documents/Unreal Projects/My2DReal/Saved/BasicTileMapE7BDEF424882077C756AA19B12913B59.tmp' to '../../../../../../Users/1111/Documents/Unreal Projects/My2DReal/Content/Textures/BasicTileMap.uasset'
[2017.10.09-02.37.14:713][ 38]LogSavePackage: Display: Finished SavePackage ../../../../../../Users/1111/Documents/Unreal Projects/My2DReal/Content/Textures/BasicTileMap.uasset
[2017.10.09-02.37.17:954][159]Cmd: OBJ SAVEPACKAGE PACKAGE="/Game/Textures/BasicTileMap" FILE="../../../../../../Users/1111/Documents/Unreal Projects/My2DReal/Content/Textures/BasicTileMap.uasset" SILENT=true
[2017.10.09-02.37.18:005][159]LogSavePackage: Save=42.37ms
[2017.10.09-02.37.18:006][159]LogSavePackage: Moving '../../../../../../Users/1111/Documents/Unreal Projects/My2DReal/Saved/BasicTileMapBB7788EE4DF16951A83A9C8833A7BA93.tmp' to '../../../../../../Users/1111/Documents/Unreal Projects/My2DReal/Content/Textures/BasicTileMap.uasset'
[2017.10.09-02.37.18:008][159]LogSavePackage: Display: Finished SavePackage ../../../../../../Users/1111/Documents/Unreal Projects/My2DReal/Content/Textures/BasicTileMap.uasset
[2017.10.09-02.37.25:392][481]Cmd: OBJ SAVEPACKAGE PACKAGE="/Game/Level1" FILE="../../../../../../Users/1111/Documents/Unreal Projects/My2DReal/Content/Level1.umap" SILENT=true AUTOSAVING=false KEEPDIRTY=false
[2017.10.09-02.37.25:433][481]LogSavePackage: Save=12.55ms
[2017.10.09-02.37.25:433][481]LogSavePackage: Moving '../../../../../../Users/1111/Documents/Unreal Projects/My2DReal/Saved/Level199D5A93E405739013EEBDFB78550638F.tmp' to '../../../../../../Users/1111/Documents/Unreal Projects/My2DReal/Content/Level1.umap'
[2017.10.09-02.37.25:435][481]LogSavePackage: Display: Finished SavePackage ../../../../../../Users/1111/Documents/Unreal Projects/My2DReal/Content/Level1.umap
[2017.10.09-02.37.25:482][481]Cmd: OBJ SAVEPACKAGE PACKAGE="/Game/Level1_BuiltData" FILE="../../../../../../Users/1111/Documents/Unreal Projects/My2DReal/Content/Level1_BuiltData.uasset" SILENT=true
[2017.10.09-02.37.25:498][481]LogSavePackage: Save=5.64ms
[2017.10.09-02.37.25:498][481]LogSavePackage: Moving '../../../../../../Users/1111/Documents/Unreal Projects/My2DReal/Saved/Level1_BuiltDataEDCA277E46D8E9548BA5BC88632AFB80.tmp' to '../../../../../../Users/1111/Documents/Unreal Projects/My2DReal/Content/Level1_BuiltData.uasset'
[2017.10.09-02.37.25:500][481]LogSavePackage: Display: Finished SavePackage ../../../../../../Users/1111/Documents/Unreal Projects/My2DReal/Content/Level1_BuiltData.uasset
[2017.10.09-02.37.26:405][560]LogTemp: Repeating last play command: Selected Viewport
[2017.10.09-02.37.26:468][560]LogPlayLevel: PlayLevel: No blueprints needed recompiling
[2017.10.09-02.37.26:469][560]PIE: New page: PIE session: Level1 (Oct 8, 2017, 12:37:26 PM)
[2017.10.09-02.37.26:469][560]LogPlayLevel: Creating play world package: /Game/UEDPIE_0_Level1
[2017.10.09-02.37.26:470][560]LogPlayLevel: PIE: StaticDuplicateObject took: (0.000968s)
[2017.10.09-02.37.26:471][560]LogAIModule: Creating AISystem for world Level1
[2017.10.09-02.37.26:472][560]LogPlayLevel: PIE: World Init took: (0.001548s)
[2017.10.09-02.37.26:472][560]LogPlayLevel: PIE: Created PIE world by copying editor world from /Game/Level1.Level1 to /Game/UEDPIE_0_Level1.Level1 (0.003161s)
[2017.10.09-02.37.26:490][560]LogInit: XAudio2 using 'Speakers (Realtek High Definition Audio)' : 2 channels at 48 kHz using 32 bits per sample (channel mask 0x3)
[2017.10.09-02.37.26:503][560]LogInit: FAudioDevice initialized.
[2017.10.09-02.37.26:550][560]LogLoad: Game class is 'GameModeBase'
[2017.10.09-02.37.26:552][560]LogWorld: Bringing World /Game/UEDPIE_0_Level1.Level1 up for play (max tick rate 0) at 2017.10.08-19.37.26
[2017.10.09-02.37.26:553][560]LogWorld: Bringing up level for play took: 0.001650
[2017.10.09-02.37.26:606][560]LogContentBrowser: Native class hierarchy updated for 'MovieSceneCapture' in 0.0009 seconds. Added 11 classes and 0 folders.
[2017.10.09-02.37.26:609][560]PIE: Play in editor start time for /Game/UEDPIE_0_Level1 0.651
[2017.10.09-02.37.48:763][338]Cmd: TRANSACTION UNDO
[2017.10.09-02.37.48:763][338]LogEditorTransaction: Undo Tile Painting
[2017.10.09-02.37.48:845][338]LogSlate: Took 0.000754 seconds to synchronously load lazily loaded font '../../../Engine/Content/Slate/Fonts/Roboto-Light.ttf' (159K)
[2017.10.09-02.38.11:998][ 42]Cmd: OBJ SAVEPACKAGE PACKAGE="/Game/Textures/BasicTileMap" FILE="../../../../../../Users/1111/Documents/Unreal Projects/My2DReal/Content/Textures/BasicTileMap.uasset" SILENT=true
[2017.10.09-02.38.12:099][ 42]LogSavePackage: Save=86.64ms
[2017.10.09-02.38.12:100][ 42]LogSavePackage: Moving '../../../../../../Users/1111/Documents/Unreal Projects/My2DReal/Saved/BasicTileMap26C96CF14B344D1706FEDAA71B28EF78.tmp' to '../../../../../../Users/1111/Documents/Unreal Projects/My2DReal/Content/Textures/BasicTileMap.uasset'
[2017.10.09-02.38.12:108][ 42]LogSavePackage: Display: Finished SavePackage ../../../../../../Users/1111/Documents/Unreal Projects/My2DReal/Content/Textures/BasicTileMap.uasset
[2017.10.09-02.38.20:582][620]LogContentBrowser: Native class hierarchy updated for 'TextureEditor' in 0.0007 seconds. Added 1 classes and 2 folders.
[2017.10.09-02.43.35:406][856]Cmd: OBJ SAVEPACKAGE PACKAGE="/Game/Level1" FILE="../../../../../../Users/1111/Documents/Unreal Projects/My2DReal/Content/Level1.umap" SILENT=true AUTOSAVING=false KEEPDIRTY=false
[2017.10.09-02.43.35:454][856]LogSavePackage: Save=14.62ms
[2017.10.09-02.43.35:454][856]LogSavePackage: Moving '../../../../../../Users/1111/Documents/Unreal Projects/My2DReal/Saved/Level1BAEFA6E143A90AE916ACEF9D936FE3FF.tmp' to '../../../../../../Users/1111/Documents/Unreal Projects/My2DReal/Content/Level1.umap'
[2017.10.09-02.43.35:456][856]LogSavePackage: Display: Finished SavePackage ../../../../../../Users/1111/Documents/Unreal Projects/My2DReal/Content/Level1.umap
[2017.10.09-02.43.35:521][856]Cmd: OBJ SAVEPACKAGE PACKAGE="/Game/Level1_BuiltData" FILE="../../../../../../Users/1111/Documents/Unreal Projects/My2DReal/Content/Level1_BuiltData.uasset" SILENT=true
[2017.10.09-02.43.35:535][856]LogSavePackage: Save=6.62ms
[2017.10.09-02.43.35:535][856]LogSavePackage: Moving '../../../../../../Users/1111/Documents/Unreal Projects/My2DReal/Saved/Level1_BuiltDataDA5B1BC649F0BB4D49B7BE928B31AD7D.tmp' to '../../../../../../Users/1111/Documents/Unreal Projects/My2DReal/Content/Level1_BuiltData.uasset'
[2017.10.09-02.43.35:537][856]LogSavePackage: Display: Finished SavePackage ../../../../../../Users/1111/Documents/Unreal Projects/My2DReal/Content/Level1_BuiltData.uasset
[2017.10.09-02.43.39:357][997]LogEditorViewport: Clicking on Actor (LMB): PaperTileMapActor (BasicTileMap)
[2017.10.09-02.43.50:018][419]LogEditorViewport: Clicking Background
[2017.10.09-02.44.54:506][921]LogContentBrowser: Native class hierarchy updated for 'BlueprintGraph' in 0.0010 seconds. Added 113 classes and 0 folders.
[2017.10.09-02.44.55:248][921]LogSlate: Took 0.000161 seconds to synchronously load lazily loaded font '../../../Engine/Content/Slate/Fonts/Roboto-Regular.ttf' (155K)
[2017.10.09-02.44.55:667][922]LogSlate: Took 0.008773 seconds to synchronously load lazily loaded font '../../../Engine/Content/Editor/Slate/Fonts/Roboto-Italic.ttf' (157K)
[2017.10.09-02.49.36:004][910]LogActorComponent: ReregisterComponent: (/Engine/Transient.World_2:PersistentLevel.NewCharacter_C_0.CollisionCylinder) Not currently registered. Aborting.
[2017.10.09-02.49.39:849][985]BlueprintLog: New page: Compile NewCharacter
[2017.10.09-02.49.41:096][  3]Cmd: OBJ SAVEPACKAGE PACKAGE="/Game/Character/NewCharacter" FILE="../../../../../../Users/1111/Documents/Unreal Projects/My2DReal/Content/Character/NewCharacter.uasset" SILENT=true
[2017.10.09-02.49.41:283][  3]LogSavePackage: Save=135.20ms
[2017.10.09-02.49.41:284][  3]LogSavePackage: Moving '../../../../../../Users/1111/Documents/Unreal Projects/My2DReal/Saved/NewCharacter5BCC129D4938A13DF50BC888339E02DC.tmp' to '../../../../../../Users/1111/Documents/Unreal Projects/My2DReal/Content/Character/NewCharacter.uasset'
[2017.10.09-02.49.41:289][  3]LogSavePackage: Display: Finished SavePackage ../../../../../../Users/1111/Documents/Unreal Projects/My2DReal/Content/Character/NewCharacter.uasset
[2017.10.09-02.49.45:402][125]LogTemp: Repeating last play command: Selected Viewport
[2017.10.09-02.49.45:498][125]LogPlayLevel: PlayLevel: No blueprints needed recompiling
[2017.10.09-02.49.45:498][125]PIE: New page: PIE session: Level1 (Oct 8, 2017, 12:49:45 PM)
[2017.10.09-02.49.45:498][125]LogPlayLevel: Creating play world package: /Game/UEDPIE_0_Level1
[2017.10.09-02.49.45:499][125]LogPlayLevel: PIE: StaticDuplicateObject took: (0.000847s)
[2017.10.09-02.49.45:500][125]LogAIModule: Creating AISystem for world Level1
[2017.10.09-02.49.45:500][125]LogPlayLevel: PIE: World Init took: (0.001170s)
[2017.10.09-02.49.45:501][125]LogPlayLevel: PIE: Created PIE world by copying editor world from /Game/Level1.Level1 to /Game/UEDPIE_0_Level1.Level1 (0.002660s)
[2017.10.09-02.49.45:528][125]LogInit: XAudio2 using 'Speakers (Realtek High Definition Audio)' : 2 channels at 48 kHz using 32 bits per sample (channel mask 0x3)
[2017.10.09-02.49.45:538][125]LogInit: FAudioDevice initialized.
[2017.10.09-02.49.45:572][125]LogLoad: Game class is 'GameModeBase'
[2017.10.09-02.49.45:573][125]LogWorld: Bringing World /Game/UEDPIE_0_Level1.Level1 up for play (max tick rate 0) at 2017.10.08-19.49.45
[2017.10.09-02.49.45:574][125]LogWorld: Bringing up level for play took: 0.001462
[2017.10.09-02.49.45:576][125]PIE: Play in editor start time for /Game/UEDPIE_0_Level1 -0.382
[2017.10.09-02.50.00:307][450]LogActorComponent: ReregisterComponent: (/Engine/Transient.World_2:PersistentLevel.NewCharacter_C_0.CollisionCylinder) Not currently registered. Aborting.
[2017.10.09-02.50.13:034][692]BlueprintLog: New page: Compile NewCharacter
[2017.10.09-02.50.15:096][723]Cmd: OBJ SAVEPACKAGE PACKAGE="/Game/Character/NewCharacter" FILE="../../../../../../Users/1111/Documents/Unreal Projects/My2DReal/Content/Character/NewCharacter.uasset" SILENT=true
[2017.10.09-02.50.15:233][723]LogSavePackage: Save=115.99ms
[2017.10.09-02.50.15:233][723]LogSavePackage: Moving '../../../../../../Users/1111/Documents/Unreal Projects/My2DReal/Saved/NewCharacter49D5156C4C5A34E032D637BEE0C5AFE2.tmp' to '../../../../../../Users/1111/Documents/Unreal Projects/My2DReal/Content/Character/NewCharacter.uasset'
[2017.10.09-02.50.15:237][723]LogSavePackage: Display: Finished SavePackage ../../../../../../Users/1111/Documents/Unreal Projects/My2DReal/Content/Character/NewCharacter.uasset
[2017.10.09-02.50.18:085][800]LogTemp: Repeating last play command: Selected Viewport
[2017.10.09-02.50.18:176][800]LogPlayLevel: PlayLevel: No blueprints needed recompiling
[2017.10.09-02.50.18:177][800]PIE: New page: PIE session: Level1 (Oct 8, 2017, 12:50:18 PM)
[2017.10.09-02.50.18:177][800]LogPlayLevel: Creating play world package: /Game/UEDPIE_0_Level1
[2017.10.09-02.50.18:179][800]LogPlayLevel: PIE: StaticDuplicateObject took: (0.001926s)
[2017.10.09-02.50.18:181][800]LogAIModule: Creating AISystem for world Level1
[2017.10.09-02.50.18:182][800]LogPlayLevel: PIE: World Init took: (0.001894s)
[2017.10.09-02.50.18:182][800]LogPlayLevel: PIE: Created PIE world by copying editor world from /Game/Level1.Level1 to /Game/UEDPIE_0_Level1.Level1 (0.005134s)
[2017.10.09-02.50.18:225][800]LogInit: XAudio2 using 'Speakers (Realtek High Definition Audio)' : 2 channels at 48 kHz using 32 bits per sample (channel mask 0x3)
[2017.10.09-02.50.18:237][800]LogInit: FAudioDevice initialized.
[2017.10.09-02.50.18:269][800]LogLoad: Game class is 'GameModeBase'
[2017.10.09-02.50.18:270][800]LogWorld: Bringing World /Game/UEDPIE_0_Level1.Level1 up for play (max tick rate 0) at 2017.10.08-19.50.18
[2017.10.09-02.50.18:271][800]LogWorld: Bringing up level for play took: 0.001675
[2017.10.09-02.50.18:273][800]PIE: Play in editor start time for /Game/UEDPIE_0_Level1 0.315
[2017.10.09-02.51.08:830][793]BlueprintLog: New page: Compile NewCharacter
[2017.10.09-02.51.09:748][814]Cmd: OBJ SAVEPACKAGE PACKAGE="/Game/Character/NewCharacter" FILE="../../../../../../Users/1111/Documents/Unreal Projects/My2DReal/Content/Character/NewCharacter.uasset" SILENT=true
[2017.10.09-02.51.09:858][814]LogSavePackage: Save=98.87ms
[2017.10.09-02.51.09:859][814]LogSavePackage: Moving '../../../../../../Users/1111/Documents/Unreal Projects/My2DReal/Saved/NewCharacter6D27C5DD42013CDAEF32FFA52EC8CF16.tmp' to '../../../../../../Users/1111/Documents/Unreal Projects/My2DReal/Content/Character/NewCharacter.uasset'
[2017.10.09-02.51.09:862][814]LogSavePackage: Display: Finished SavePackage ../../../../../../Users/1111/Documents/Unreal Projects/My2DReal/Content/Character/NewCharacter.uasset
[2017.10.09-02.51.12:212][894]LogTemp: Repeating last play command: Selected Viewport
[2017.10.09-02.51.12:300][894]LogPlayLevel: PlayLevel: No blueprints needed recompiling
[2017.10.09-02.51.12:301][894]PIE: New page: PIE session: Level1 (Oct 8, 2017, 12:51:12 PM)
[2017.10.09-02.51.12:302][894]LogPlayLevel: Creating play world package: /Game/UEDPIE_0_Level1
[2017.10.09-02.51.12:304][894]LogPlayLevel: PIE: StaticDuplicateObject took: (0.002058s)
[2017.10.09-02.51.12:307][894]LogAIModule: Creating AISystem for world Level1
[2017.10.09-02.51.12:308][894]LogPlayLevel: PIE: World Init took: (0.002628s)
[2017.10.09-02.51.12:308][894]LogPlayLevel: PIE: Created PIE world by copying editor world from /Game/Level1.Level1 to /Game/UEDPIE_0_Level1.Level1 (0.006481s)
[2017.10.09-02.51.12:364][894]LogInit: XAudio2 using 'Speakers (Realtek High Definition Audio)' : 2 channels at 48 kHz using 32 bits per sample (channel mask 0x3)
[2017.10.09-02.51.12:376][894]LogInit: FAudioDevice initialized.
[2017.10.09-02.51.12:412][894]LogLoad: Game class is 'GameModeBase'
[2017.10.09-02.51.12:415][894]LogWorld: Bringing World /Game/UEDPIE_0_Level1.Level1 up for play (max tick rate 0) at 2017.10.08-19.51.12
[2017.10.09-02.51.12:415][894]LogWorld: Bringing up level for play took: 0.001759
[2017.10.09-02.51.12:417][894]PIE: Play in editor start time for /Game/UEDPIE_0_Level1 0.459
[2017.10.09-02.52.05:190][775]LogTemp: Repeating last play command: Selected Viewport
[2017.10.09-02.52.05:229][775]LogPlayLevel: PlayLevel: No blueprints needed recompiling
[2017.10.09-02.52.05:229][775]PIE: New page: PIE session: Level1 (Oct 8, 2017, 12:52:05 PM)
[2017.10.09-02.52.05:230][775]LogPlayLevel: Creating play world package: /Game/UEDPIE_0_Level1
[2017.10.09-02.52.05:231][775]LogPlayLevel: PIE: StaticDuplicateObject took: (0.001243s)
[2017.10.09-02.52.05:232][775]LogAIModule: Creating AISystem for world Level1
[2017.10.09-02.52.05:233][775]LogPlayLevel: PIE: World Init took: (0.001325s)
[2017.10.09-02.52.05:233][775]LogPlayLevel: PIE: Created PIE world by copying editor world from /Game/Level1.Level1 to /Game/UEDPIE_0_Level1.Level1 (0.003424s)
[2017.10.09-02.52.05:270][775]LogInit: XAudio2 using 'Speakers (Realtek High Definition Audio)' : 2 channels at 48 kHz using 32 bits per sample (channel mask 0x3)
[2017.10.09-02.52.05:283][775]LogInit: FAudioDevice initialized.
[2017.10.09-02.52.05:322][775]LogLoad: Game class is 'GameModeBase'
[2017.10.09-02.52.05:324][775]LogWorld: Bringing World /Game/UEDPIE_0_Level1.Level1 up for play (max tick rate 0) at 2017.10.08-19.52.05
[2017.10.09-02.52.05:325][775]LogWorld: Bringing up level for play took: 0.002063
[2017.10.09-02.52.05:327][775]PIE: Play in editor start time for /Game/UEDPIE_0_Level1 -0.631
[2017.10.09-02.53.52:330][127]Cmd: OBJ SAVEPACKAGE PACKAGE="/Game/Textures/BasicTileMap" FILE="../../../../../../Users/1111/Documents/Unreal Projects/My2DReal/Content/Textures/BasicTileMap.uasset" SILENT=true
[2017.10.09-02.53.52:440][127]LogSavePackage: Save=76.89ms
[2017.10.09-02.53.52:440][127]LogSavePackage: Moving '../../../../../../Users/1111/Documents/Unreal Projects/My2DReal/Saved/BasicTileMapD747D32C45DCC3F44E259FA61E402419.tmp' to '../../../../../../Users/1111/Documents/Unreal Projects/My2DReal/Content/Textures/BasicTileMap.uasset'
[2017.10.09-02.53.52:447][127]LogSavePackage: Display: Finished SavePackage ../../../../../../Users/1111/Documents/Unreal Projects/My2DReal/Content/Textures/BasicTileMap.uasset
[2017.10.09-02.53.59:585][279]LogTemp: Repeating last play command: Selected Viewport
[2017.10.09-02.53.59:674][279]LogPlayLevel: PlayLevel: No blueprints needed recompiling
[2017.10.09-02.53.59:675][279]PIE: New page: PIE session: Level1 (Oct 8, 2017, 12:53:59 PM)
[2017.10.09-02.53.59:675][279]LogPlayLevel: Creating play world package: /Game/UEDPIE_0_Level1
[2017.10.09-02.53.59:677][279]LogPlayLevel: PIE: StaticDuplicateObject took: (0.001526s)
[2017.10.09-02.53.59:678][279]LogAIModule: Creating AISystem for world Level1
[2017.10.09-02.53.59:678][279]LogPlayLevel: PIE: World Init took: (0.001396s)
[2017.10.09-02.53.59:679][279]LogPlayLevel: PIE: Created PIE world by copying editor world from /Game/Level1.Level1 to /Game/UEDPIE_0_Level1.Level1 (0.003789s)
[2017.10.09-02.53.59:707][279]LogInit: XAudio2 using 'Speakers (Realtek High Definition Audio)' : 2 channels at 48 kHz using 32 bits per sample (channel mask 0x3)
[2017.10.09-02.53.59:718][279]LogInit: FAudioDevice initialized.
[2017.10.09-02.53.59:752][279]LogLoad: Game class is 'GameModeBase'
[2017.10.09-02.53.59:754][279]LogWorld: Bringing World /Game/UEDPIE_0_Level1.Level1 up for play (max tick rate 0) at 2017.10.08-19.53.59
[2017.10.09-02.53.59:755][279]LogWorld: Bringing up level for play took: 0.001777
[2017.10.09-02.53.59:760][279]PIE: Play in editor start time for /Game/UEDPIE_0_Level1 -0.198
[2017.10.09-02.54.24:851][153]Cmd: OBJ SAVEPACKAGE PACKAGE="/Game/Textures/BasicTileMap" FILE="../../../../../../Users/1111/Documents/Unreal Projects/My2DReal/Content/Textures/BasicTileMap.uasset" SILENT=true
[2017.10.09-02.54.24:963][153]LogSavePackage: Save=93.34ms
[2017.10.09-02.54.24:963][153]LogSavePackage: Moving '../../../../../../Users/1111/Documents/Unreal Projects/My2DReal/Saved/BasicTileMap47037A714711766A9D2EE8968427DE18.tmp' to '../../../../../../Users/1111/Documents/Unreal Projects/My2DReal/Content/Textures/BasicTileMap.uasset'
[2017.10.09-02.54.24:971][153]LogSavePackage: Display: Finished SavePackage ../../../../../../Users/1111/Documents/Unreal Projects/My2DReal/Content/Textures/BasicTileMap.uasset
[2017.10.09-02.54.27:700][230]LogTemp: Repeating last play command: Selected Viewport
[2017.10.09-02.54.27:782][230]LogPlayLevel: PlayLevel: No blueprints needed recompiling
[2017.10.09-02.54.27:783][230]PIE: New page: PIE session: Level1 (Oct 8, 2017, 12:54:27 PM)
[2017.10.09-02.54.27:783][230]LogPlayLevel: Creating play world package: /Game/UEDPIE_0_Level1
[2017.10.09-02.54.27:786][230]LogPlayLevel: PIE: StaticDuplicateObject took: (0.001969s)
[2017.10.09-02.54.27:788][230]LogAIModule: Creating AISystem for world Level1
[2017.10.09-02.54.27:788][230]LogPlayLevel: PIE: World Init took: (0.002253s)
[2017.10.09-02.54.27:789][230]LogPlayLevel: PIE: Created PIE world by copying editor world from /Game/Level1.Level1 to /Game/UEDPIE_0_Level1.Level1 (0.005650s)
[2017.10.09-02.54.27:850][230]LogInit: XAudio2 using 'Speakers (Realtek High Definition Audio)' : 2 channels at 48 kHz using 32 bits per sample (channel mask 0x3)
[2017.10.09-02.54.27:862][230]LogInit: FAudioDevice initialized.
[2017.10.09-02.54.27:893][230]LogLoad: Game class is 'GameModeBase'
[2017.10.09-02.54.27:895][230]LogWorld: Bringing World /Game/UEDPIE_0_Level1.Level1 up for play (max tick rate 0) at 2017.10.08-19.54.27
[2017.10.09-02.54.27:896][230]LogWorld: Bringing up level for play took: 0.001827
[2017.10.09-02.54.27:898][230]PIE: Play in editor start time for /Game/UEDPIE_0_Level1 -0.06
[2017.10.09-03.11.04:829][279]LogFactory: FactoryCreateFile: Texture with ReimportTextureFactory (0 0 ../../../../../../Users/1111/Desktop/CharacterSheet/WalkDownChampion.png)
[2017.10.09-03.11.04:848][279]LogTexture: Display: Building textures: WalkDownChampion (AutoDXT, 128X32)
[2017.10.09-03.11.08:200][403]Cmd: TRANSACTION UNDO
[2017.10.09-03.11.08:200][403]LogEditorTransaction: Undo Toggle Layer Visibility
[2017.10.09-03.11.40:603][741]LogFactory: FactoryCreateFile: Texture with ReimportTextureFactory (0 0 ../../../../../../Users/1111/Desktop/MoveUP.png)
[2017.10.09-03.11.40:608][741]LogTexture: Display: Building textures: MoveUP (AutoDXT, 128X32)
[2017.10.09-03.11.40:719][742]LogFileHelpers: Editor autosave (incl. sublevels) for '/Game/Level1' took 0.028
[2017.10.09-03.11.40:722][742]OBJ SavePackage: Generating thumbnails for [1] asset(s) in package [/Game/Character/RealCharacter/WalkUp/MoveUP] ([1] browsable assets)...
[2017.10.09-03.11.40:725][742]OBJ SavePackage:     Rendered thumbnail for [Texture2D /Game/Character/RealCharacter/WalkUp/MoveUP.MoveUP]
[2017.10.09-03.11.40:725][742]OBJ SavePackage: Finished generating thumbnails for package [/Game/Character/RealCharacter/WalkUp/MoveUP]
[2017.10.09-03.11.40:736][742]LogSavePackage: Save=7.49ms
[2017.10.09-03.11.40:736][742]LogSavePackage: Moving '../../../../../../Users/1111/Documents/Unreal Projects/My2DReal/Saved/MoveUP_Auto12A2E58A44EB84899F2B366B4DD932005.tmp' to '../../../../../../Users/1111/Documents/Unreal Projects/My2DReal/Saved/Autosaves/Game/Character/RealCharacter/WalkUp/MoveUP_Auto1.uasset'
[2017.10.09-03.11.40:737][742]LogSavePackage: Display: Finished SavePackage ../../../../../../Users/1111/Documents/Unreal Projects/My2DReal/Saved/Autosaves/Game/Character/RealCharacter/WalkUp/MoveUP_Auto1.uasset
[2017.10.09-03.11.40:738][742]LogFileHelpers: Auto-saving content packages took 0.017
[2017.10.09-03.11.46:848][949]LogTexture: Display: Building textures: MoveUP (BGRA8, 128X32)
[2017.10.09-03.11.59:527][366]LogRenderer: Reallocating scene render targets to support 1220x708 Format 10 NumSamples 1 (Frame:1).
[2017.10.09-03.13.19:251][ 93]LogFactory: FactoryCreateFile: Texture with ReimportTextureFactory (0 0 ../../../../../../Users/1111/Desktop/MoveUP.png)
[2017.10.09-03.13.19:256][ 93]LogTexture: Display: Building textures: MoveUP (AutoDXT, 128X32)
[2017.10.09-03.13.24:443][266]LogTexture: Display: Building textures: MoveUP (BGRA8, 128X32)
[2017.10.09-03.15.09:387][310]BlueprintLog: New page: Compile NewCharacter
[2017.10.09-03.15.10:453][334]Cmd: OBJ SAVEPACKAGE PACKAGE="/Game/Character/NewCharacter" FILE="../../../../../../Users/1111/Documents/Unreal Projects/My2DReal/Content/Character/NewCharacter.uasset" SILENT=true
[2017.10.09-03.15.10:565][334]LogSavePackage: Save=89.74ms
[2017.10.09-03.15.10:566][334]LogSavePackage: Moving '../../../../../../Users/1111/Documents/Unreal Projects/My2DReal/Saved/NewCharacter1E6EF1C24DA4BA7E24167C9101FFF34A.tmp' to '../../../../../../Users/1111/Documents/Unreal Projects/My2DReal/Content/Character/NewCharacter.uasset'
[2017.10.09-03.15.10:568][334]LogSavePackage: Display: Finished SavePackage ../../../../../../Users/1111/Documents/Unreal Projects/My2DReal/Content/Character/NewCharacter.uasset
[2017.10.09-03.15.15:904][516]LogTemp: Repeating last play command: Selected Viewport
[2017.10.09-03.15.16:012][516]LogPlayLevel: PlayLevel: No blueprints needed recompiling
[2017.10.09-03.15.16:012][516]PIE: New page: PIE session: Level1 (Oct 8, 2017, 1:15:16 PM)
[2017.10.09-03.15.16:013][516]LogPlayLevel: Creating play world package: /Game/UEDPIE_0_Level1
[2017.10.09-03.15.16:014][516]LogPlayLevel: PIE: StaticDuplicateObject took: (0.001466s)
[2017.10.09-03.15.16:016][516]LogAIModule: Creating AISystem for world Level1
[2017.10.09-03.15.16:017][516]LogPlayLevel: PIE: World Init took: (0.001875s)
[2017.10.09-03.15.16:017][516]LogPlayLevel: PIE: Created PIE world by copying editor world from /Game/Level1.Level1 to /Game/UEDPIE_0_Level1.Level1 (0.004480s)
[2017.10.09-03.15.16:050][516]LogInit: XAudio2 using 'Speakers (Realtek High Definition Audio)' : 2 channels at 48 kHz using 32 bits per sample (channel mask 0x3)
[2017.10.09-03.15.16:061][516]LogInit: FAudioDevice initialized.
[2017.10.09-03.15.16:091][516]LogLoad: Game class is 'GameModeBase'
[2017.10.09-03.15.16:092][516]LogWorld: Bringing World /Game/UEDPIE_0_Level1.Level1 up for play (max tick rate 60) at 2017.10.08-20.15.16
[2017.10.09-03.15.16:093][516]LogWorld: Bringing up level for play took: 0.001782
[2017.10.09-03.15.16:095][516]PIE: Play in editor start time for /Game/UEDPIE_0_Level1 0.137
[2017.10.09-03.15.35:777][351]Cmd: OBJ SAVEPACKAGE PACKAGE="/Game/Textures/BasicTileMap" FILE="../../../../../../Users/1111/Documents/Unreal Projects/My2DReal/Content/Textures/BasicTileMap.uasset" SILENT=true
[2017.10.09-03.15.35:883][351]LogSavePackage: Save=75.52ms
[2017.10.09-03.15.35:883][351]LogSavePackage: Moving '../../../../../../Users/1111/Documents/Unreal Projects/My2DReal/Saved/BasicTileMap6F1BA92143614517DB19B4AB625278AC.tmp' to '../../../../../../Users/1111/Documents/Unreal Projects/My2DReal/Content/Textures/BasicTileMap.uasset'
[2017.10.09-03.15.35:890][351]LogSavePackage: Display: Finished SavePackage ../../../../../../Users/1111/Documents/Unreal Projects/My2DReal/Content/Textures/BasicTileMap.uasset
[2017.10.09-03.15.37:082][378]Cmd: OBJ SAVEPACKAGE PACKAGE="/Game/Textures/BasicTileMap" FILE="../../../../../../Users/1111/Documents/Unreal Projects/My2DReal/Content/Textures/BasicTileMap.uasset" SILENT=true
[2017.10.09-03.15.37:191][378]LogSavePackage: Save=81.16ms
[2017.10.09-03.15.37:191][378]LogSavePackage: Moving '../../../../../../Users/1111/Documents/Unreal Projects/My2DReal/Saved/BasicTileMapE49046044187CABB31B013B371DBCD5B.tmp' to '../../../../../../Users/1111/Documents/Unreal Projects/My2DReal/Content/Textures/BasicTileMap.uasset'
[2017.10.09-03.15.37:195][378]LogSavePackage: Display: Finished SavePackage ../../../../../../Users/1111/Documents/Unreal Projects/My2DReal/Content/Textures/BasicTileMap.uasset
[2017.10.09-03.15.39:869][455]LogTemp: Repeating last play command: Selected Viewport
[2017.10.09-03.15.39:952][455]LogPlayLevel: PlayLevel: No blueprints needed recompiling
[2017.10.09-03.15.39:953][455]PIE: New page: PIE session: Level1 (Oct 8, 2017, 1:15:39 PM)
[2017.10.09-03.15.39:954][455]LogPlayLevel: Creating play world package: /Game/UEDPIE_0_Level1
[2017.10.09-03.15.39:955][455]LogPlayLevel: PIE: StaticDuplicateObject took: (0.001353s)
[2017.10.09-03.15.39:957][455]LogAIModule: Creating AISystem for world Level1
[2017.10.09-03.15.39:957][455]LogPlayLevel: PIE: World Init took: (0.001412s)
[2017.10.09-03.15.39:958][455]LogPlayLevel: PIE: Created PIE world by copying editor world from /Game/Level1.Level1 to /Game/UEDPIE_0_Level1.Level1 (0.003725s)
[2017.10.09-03.15.40:003][455]LogInit: XAudio2 using 'Speakers (Realtek High Definition Audio)' : 2 channels at 48 kHz using 32 bits per sample (channel mask 0x3)
[2017.10.09-03.15.40:020][455]LogInit: FAudioDevice initialized.
[2017.10.09-03.15.40:064][455]LogLoad: Game class is 'GameModeBase'
[2017.10.09-03.15.40:067][455]LogWorld: Bringing World /Game/UEDPIE_0_Level1.Level1 up for play (max tick rate 60) at 2017.10.08-20.15.40
[2017.10.09-03.15.40:069][455]LogWorld: Bringing up level for play took: 0.003428
[2017.10.09-03.15.40:073][455]PIE: Play in editor start time for /Game/UEDPIE_0_Level1 0.115
[2017.10.09-03.16.04:531][579]LogEditorViewport: Clicking on Actor (LMB): Spawner_C (Spawner)
[2017.10.09-03.16.07:055][727]Cmd: OBJ SAVEPACKAGE PACKAGE="/Game/Level1" FILE="../../../../../../Users/1111/Documents/Unreal Projects/My2DReal/Content/Level1.umap" SILENT=true AUTOSAVING=false KEEPDIRTY=false
[2017.10.09-03.16.07:106][727]LogSavePackage: Save=12.76ms
[2017.10.09-03.16.07:106][727]LogSavePackage: Moving '../../../../../../Users/1111/Documents/Unreal Projects/My2DReal/Saved/Level1150A36F8494B0975E97DC69B1FFC8F56.tmp' to '../../../../../../Users/1111/Documents/Unreal Projects/My2DReal/Content/Level1.umap'
[2017.10.09-03.16.07:110][727]LogSavePackage: Display: Finished SavePackage ../../../../../../Users/1111/Documents/Unreal Projects/My2DReal/Content/Level1.umap
[2017.10.09-03.16.07:154][727]Cmd: OBJ SAVEPACKAGE PACKAGE="/Game/Level1_BuiltData" FILE="../../../../../../Users/1111/Documents/Unreal Projects/My2DReal/Content/Level1_BuiltData.uasset" SILENT=true
[2017.10.09-03.16.07:171][727]LogSavePackage: Save=5.90ms
[2017.10.09-03.16.07:171][727]LogSavePackage: Moving '../../../../../../Users/1111/Documents/Unreal Projects/My2DReal/Saved/Level1_BuiltDataCBCD430642B9AF563F7955A938D89283.tmp' to '../../../../../../Users/1111/Documents/Unreal Projects/My2DReal/Content/Level1_BuiltData.uasset'
[2017.10.09-03.16.07:172][727]LogSavePackage: Display: Finished SavePackage ../../../../../../Users/1111/Documents/Unreal Projects/My2DReal/Content/Level1_BuiltData.uasset
[2017.10.09-03.16.08:319][795]LogTemp: Repeating last play command: Selected Viewport
[2017.10.09-03.16.08:354][795]LogPlayLevel: PlayLevel: No blueprints needed recompiling
[2017.10.09-03.16.08:354][795]PIE: New page: PIE session: Level1 (Oct 8, 2017, 1:16:08 PM)
[2017.10.09-03.16.08:355][795]LogPlayLevel: Creating play world package: /Game/UEDPIE_0_Level1
[2017.10.09-03.16.08:355][795]LogPlayLevel: PIE: StaticDuplicateObject took: (0.000827s)
[2017.10.09-03.16.08:356][795]LogAIModule: Creating AISystem for world Level1
[2017.10.09-03.16.08:357][795]LogPlayLevel: PIE: World Init took: (0.000979s)
[2017.10.09-03.16.08:357][795]LogPlayLevel: PIE: Created PIE world by copying editor world from /Game/Level1.Level1 to /Game/UEDPIE_0_Level1.Level1 (0.002399s)
[2017.10.09-03.16.08:384][795]LogInit: XAudio2 using 'Speakers (Realtek High Definition Audio)' : 2 channels at 48 kHz using 32 bits per sample (channel mask 0x3)
[2017.10.09-03.16.08:395][795]LogInit: FAudioDevice initialized.
[2017.10.09-03.16.08:428][795]LogLoad: Game class is 'GameModeBase'
[2017.10.09-03.16.08:430][795]LogWorld: Bringing World /Game/UEDPIE_0_Level1.Level1 up for play (max tick rate 60) at 2017.10.08-20.16.08
[2017.10.09-03.16.08:431][795]LogWorld: Bringing up level for play took: 0.001792
[2017.10.09-03.16.08:432][795]PIE: Play in editor start time for /Game/UEDPIE_0_Level1 0.474
[2017.10.09-03.16.25:825][749]Cmd: OBJ SAVEPACKAGE PACKAGE="/Game/Level1" FILE="../../../../../../Users/1111/Documents/Unreal Projects/My2DReal/Content/Level1.umap" SILENT=true AUTOSAVING=false KEEPDIRTY=false
[2017.10.09-03.16.25:880][749]LogSavePackage: Save=21.44ms
[2017.10.09-03.16.25:880][749]LogSavePackage: Moving '../../../../../../Users/1111/Documents/Unreal Projects/My2DReal/Saved/Level1F75C9CA04B15489BD6363E82987CC99B.tmp' to '../../../../../../Users/1111/Documents/Unreal Projects/My2DReal/Content/Level1.umap'
[2017.10.09-03.16.25:882][749]LogSavePackage: Display: Finished SavePackage ../../../../../../Users/1111/Documents/Unreal Projects/My2DReal/Content/Level1.umap
[2017.10.09-03.16.25:930][749]Cmd: OBJ SAVEPACKAGE PACKAGE="/Game/Level1_BuiltData" FILE="../../../../../../Users/1111/Documents/Unreal Projects/My2DReal/Content/Level1_BuiltData.uasset" SILENT=true
[2017.10.09-03.16.25:940][749]LogSavePackage: Save=4.53ms
[2017.10.09-03.16.25:940][749]LogSavePackage: Moving '../../../../../../Users/1111/Documents/Unreal Projects/My2DReal/Saved/Level1_BuiltData53A69F3F405D040A553281B168109BFD.tmp' to '../../../../../../Users/1111/Documents/Unreal Projects/My2DReal/Content/Level1_BuiltData.uasset'
[2017.10.09-03.16.25:941][749]LogSavePackage: Display: Finished SavePackage ../../../../../../Users/1111/Documents/Unreal Projects/My2DReal/Content/Level1_BuiltData.uasset
[2017.10.09-03.16.28:800][916]LogSavePackage: Save=7.85ms
[2017.10.09-03.16.28:800][916]LogSavePackage: Moving '../../../../../../Users/1111/Documents/Unreal Projects/My2DReal/Saved/MoveUP5334BD2C408639C66241EEA437FF75FD.tmp' to '../../../../../../Users/1111/Documents/Unreal Projects/My2DReal/Content/Character/RealCharacter/WalkUp/MoveUP.uasset'
[2017.10.09-03.16.28:804][916]LogSavePackage: Display: Finished SavePackage ../../../../../../Users/1111/Documents/Unreal Projects/My2DReal/Content/Character/RealCharacter/WalkUp/MoveUP.uasset
[2017.10.09-03.16.28:832][916]LogSavePackage: Save=10.01ms
[2017.10.09-03.16.28:833][916]LogSavePackage: Moving '../../../../../../Users/1111/Documents/Unreal Projects/My2DReal/Saved/MoveUP_Sprite_00C05061D4649D88B1913AD8D13CF2F05.tmp' to '../../../../../../Users/1111/Documents/Unreal Projects/My2DReal/Content/Character/RealCharacter/WalkUp/MoveUP_Sprite_0.uasset'
[2017.10.09-03.16.28:836][916]LogSavePackage: Display: Finished SavePackage ../../../../../../Users/1111/Documents/Unreal Projects/My2DReal/Content/Character/RealCharacter/WalkUp/MoveUP_Sprite_0.uasset
[2017.10.09-03.16.28:866][916]LogSavePackage: Save=9.71ms
[2017.10.09-03.16.28:866][916]LogSavePackage: Moving '../../../../../../Users/1111/Documents/Unreal Projects/My2DReal/Saved/MoveUP_Sprite_1D76D333D4F1CC0BACB79508952777B65.tmp' to '../../../../../../Users/1111/Documents/Unreal Projects/My2DReal/Content/Character/RealCharacter/WalkUp/MoveUP_Sprite_1.uasset'
[2017.10.09-03.16.28:869][916]LogSavePackage: Display: Finished SavePackage ../../../../../../Users/1111/Documents/Unreal Projects/My2DReal/Content/Character/RealCharacter/WalkUp/MoveUP_Sprite_1.uasset
[2017.10.09-03.16.28:899][916]LogSavePackage: Save=10.57ms
[2017.10.09-03.16.28:900][916]LogSavePackage: Moving '../../../../../../Users/1111/Documents/Unreal Projects/My2DReal/Saved/MoveUP_Sprite_21A941F1F417949242B7D2D9ADFDAF480.tmp' to '../../../../../../Users/1111/Documents/Unreal Projects/My2DReal/Content/Character/RealCharacter/WalkUp/MoveUP_Sprite_2.uasset'
[2017.10.09-03.16.28:903][916]LogSavePackage: Display: Finished SavePackage ../../../../../../Users/1111/Documents/Unreal Projects/My2DReal/Content/Character/RealCharacter/WalkUp/MoveUP_Sprite_2.uasset
[2017.10.09-03.16.28:930][916]LogSavePackage: Save=8.40ms
[2017.10.09-03.16.28:930][916]LogSavePackage: Moving '../../../../../../Users/1111/Documents/Unreal Projects/My2DReal/Saved/WalkUp03A7EBF043595FBC3CC9AA9A0573C933.tmp' to '../../../../../../Users/1111/Documents/Unreal Projects/My2DReal/Content/Character/RealCharacter/WalkUp/WalkUp.uasset'
[2017.10.09-03.16.28:935][916]LogSavePackage: Display: Finished SavePackage ../../../../../../Users/1111/Documents/Unreal Projects/My2DReal/Content/Character/RealCharacter/WalkUp/WalkUp.uasset
[2017.10.09-03.54.18:216][250]LogTemp: Repeating last play command: Selected Viewport
[2017.10.09-03.54.18:261][250]LogPlayLevel: PlayLevel: No blueprints needed recompiling
[2017.10.09-03.54.18:261][250]PIE: New page: PIE session: Level1 (Oct 8, 2017, 1:54:18 PM)
[2017.10.09-03.54.18:262][250]LogPlayLevel: Creating play world package: /Game/UEDPIE_0_Level1
[2017.10.09-03.54.18:263][250]LogPlayLevel: PIE: StaticDuplicateObject took: (0.001250s)
[2017.10.09-03.54.18:264][250]LogAIModule: Creating AISystem for world Level1
[2017.10.09-03.54.18:265][250]LogPlayLevel: PIE: World Init took: (0.001637s)
[2017.10.09-03.54.18:265][250]LogPlayLevel: PIE: Created PIE world by copying editor world from /Game/Level1.Level1 to /Game/UEDPIE_0_Level1.Level1 (0.003574s)
[2017.10.09-03.54.18:298][250]LogInit: XAudio2 using 'Speakers (Realtek High Definition Audio)' : 2 channels at 48 kHz using 32 bits per sample (channel mask 0x3)
[2017.10.09-03.54.18:310][250]LogInit: FAudioDevice initialized.
[2017.10.09-03.54.18:341][250]LogLoad: Game class is 'GameModeBase'
[2017.10.09-03.54.18:344][250]LogWorld: Bringing World /Game/UEDPIE_0_Level1.Level1 up for play (max tick rate 0) at 2017.10.08-20.54.18
[2017.10.09-03.54.18:345][250]LogWorld: Bringing up level for play took: 0.002606
[2017.10.09-03.54.18:347][250]PIE: Play in editor start time for /Game/UEDPIE_0_Level1 0.396
[2017.10.09-04.01.13:024][220]LogTemp: Repeating last play command: Selected Viewport
[2017.10.09-04.01.13:061][220]LogPlayLevel: PlayLevel: No blueprints needed recompiling
[2017.10.09-04.01.13:062][220]PIE: New page: PIE session: Level1 (Oct 8, 2017, 2:01:13 PM)
[2017.10.09-04.01.13:062][220]LogPlayLevel: Creating play world package: /Game/UEDPIE_0_Level1
[2017.10.09-04.01.13:064][220]LogPlayLevel: PIE: StaticDuplicateObject took: (0.001487s)
[2017.10.09-04.01.13:065][220]LogAIModule: Creating AISystem for world Level1
[2017.10.09-04.01.13:065][220]LogPlayLevel: PIE: World Init took: (0.001303s)
[2017.10.09-04.01.13:065][220]LogPlayLevel: PIE: Created PIE world by copying editor world from /Game/Level1.Level1 to /Game/UEDPIE_0_Level1.Level1 (0.003535s)
[2017.10.09-04.01.13:096][220]LogInit: XAudio2 using 'Speakers (Realtek High Definition Audio)' : 2 channels at 48 kHz using 32 bits per sample (channel mask 0x3)
[2017.10.09-04.01.13:106][220]LogInit: FAudioDevice initialized.
[2017.10.09-04.01.13:141][220]LogLoad: Game class is 'GameModeBase'
[2017.10.09-04.01.13:142][220]LogWorld: Bringing World /Game/UEDPIE_0_Level1.Level1 up for play (max tick rate 0) at 2017.10.08-21.01.13
[2017.10.09-04.01.13:143][220]LogWorld: Bringing up level for play took: 0.001946
[2017.10.09-04.01.13:146][220]PIE: Play in editor start time for /Game/UEDPIE_0_Level1 -0.805
[2017.10.09-04.31.41:822][569]LogWindowsTextInputMethodSystem: Display: IME system now deactivated.
[2017.10.09-04.31.42:272][570]Cmd: QUIT_EDITOR
[2017.10.09-04.31.42:498][570]LogExit: Preparing to exit.
[2017.10.09-04.31.43:593][570]LogDirectoryWatcher: A directory notification for 'C:/Users/1111/Documents/Unreal Projects/My2DReal/Content/' was aborted.
[2017.10.09-04.31.43:757][570]LogExit: Editor shut down
[2017.10.09-04.31.43:793][570]LogExit: Transaction tracking system shut down
[2017.10.09-04.31.44:061][570]LogDirectoryWatcher: A directory notification for '../../../Engine/Content/' was aborted.
[2017.10.09-04.31.44:061][570]LogDirectoryWatcher: A directory notification for '../../../../../../Users/1111/Documents/Unreal Projects/My2DReal/Content/' was aborted.
[2017.10.09-04.31.44:061][570]LogDirectoryWatcher: A directory notification for '../../../Engine/Plugins/2D/Paper2D/Content/' was aborted.
[2017.10.09-04.31.44:061][570]LogDirectoryWatcher: A directory notification for '../../../Engine/Plugins/Runtime/Oculus/OculusVR/Content/' was aborted.
[2017.10.09-04.31.44:062][570]LogDirectoryWatcher: A directory notification for '../../../Engine/Plugins/Runtime/Steam/SteamVR/Content/' was aborted.
[2017.10.09-04.31.44:213][570]LogExit: Object subsystem successfully closed.
[2017.10.09-04.31.44:248][570]LogD3D11RHI: Shutdown
[2017.10.09-04.31.44:248][570]LogD3D11RHI: CleanupD3DDevice
[2017.10.09-04.31.44:367][570]LogD3D11RHI: ~FD3D11DynamicRHI
[2017.10.09-04.31.44:384][570]LogModuleManager: Shutting down and abandoning module BlueprintGraph (538)
[2017.10.09-04.31.44:384][570]LogModuleManager: Shutting down and abandoning module BlueprintProfiler (536)
[2017.10.09-04.31.44:387][570]LogModuleManager: Shutting down and abandoning module TextureEditor (534)
[2017.10.09-04.31.44:387][570]LogModuleManager: Shutting down and abandoning module MovieSceneCapture (532)
[2017.10.09-04.31.44:388][570]LogModuleManager: Shutting down and abandoning module HierarchicalLODOutliner (530)
[2017.10.09-04.31.44:388][570]LogModuleManager: Shutting down and abandoning module SceneOutliner (528)
[2017.10.09-04.31.44:388][570]LogModuleManager: Shutting down and abandoning module AddContentDialog (526)
[2017.10.09-04.31.44:388][570]LogDirectoryWatcher: A directory notification for 'C:/Program Files/Epic Games/UE_4.17/FeaturePacks/' was aborted.
[2017.10.09-04.31.44:395][570]LogModuleManager: Shutting down and abandoning module WidgetCarousel (525)
[2017.10.09-04.31.44:395][570]LogModuleManager: Shutting down and abandoning module EditorWidgets (522)
[2017.10.09-04.31.44:395][570]LogModuleManager: Shutting down and abandoning module CollectionManager (520)
[2017.10.09-04.31.44:395][570]LogDirectoryWatcher: A directory notification for 'C:/Users/1111/Documents/Unreal Projects/My2DReal/Content/Collections/' was aborted.
[2017.10.09-04.31.44:395][570]LogDirectoryWatcher: A directory notification for 'C:/Users/1111/Documents/Unreal Projects/My2DReal/Content/Developers/1111/Collections/' was aborted.
[2017.10.09-04.31.44:395][570]LogDirectoryWatcher: A directory notification for 'C:/Users/1111/Documents/Unreal Projects/My2DReal/Saved/Collections/' was aborted.
[2017.10.09-04.31.44:395][570]LogModuleManager: Shutting down and abandoning module StatsViewer (518)
[2017.10.09-04.31.44:395][570]LogModuleManager: Shutting down and abandoning module FoliageEdit (516)
[2017.10.09-04.31.44:395][570]LogModuleManager: Shutting down and abandoning module LandscapeEditor (514)
[2017.10.09-04.31.44:395][570]LogModuleManager: Shutting down and abandoning module MeshPaintMode (512)
[2017.10.09-04.31.44:395][570]LogModuleManager: Shutting down and abandoning module SceneDepthPickerMode (510)
[2017.10.09-04.31.44:395][570]LogModuleManager: Shutting down and abandoning module ActorPickerMode (508)
[2017.10.09-04.31.44:395][570]LogModuleManager: Shutting down and abandoning module GeometryMode (506)
[2017.10.09-04.31.44:395][570]LogModuleManager: Shutting down and abandoning module TextureAlignMode (504)
[2017.10.09-04.31.44:395][570]LogModuleManager: Shutting down and abandoning module BspMode (502)
[2017.10.09-04.31.44:395][570]LogModuleManager: Shutting down and abandoning module PIEPreviewDeviceProfileSelector (500)
[2017.10.09-04.31.44:395][570]LogModuleManager: Shutting down and abandoning module HardwareSurvey (498)
[2017.10.09-04.31.44:395][570]LogModuleManager: Shutting down and abandoning module SequenceRecorderSections (496)
[2017.10.09-04.31.44:395][570]LogModuleManager: Shutting down and abandoning module AutomationWorker (494)
[2017.10.09-04.31.44:395][570]LogModuleManager: Shutting down and abandoning module MatineeToLevelSequence (492)
[2017.10.09-04.31.44:395][570]LogModuleManager: Shutting down and abandoning module LevelSequenceEditor (490)
[2017.10.09-04.31.44:395][570]LogModuleManager: Shutting down and abandoning module PlacementMode (489)
[2017.10.09-04.31.44:396][570]LogModuleManager: Shutting down and abandoning module WmfMediaFactory (486)
[2017.10.09-04.31.44:396][570]LogModuleManager: Shutting down and abandoning module WmfMediaEditor (484)
[2017.10.09-04.31.44:396][570]LogModuleManager: Shutting down and abandoning module AvfMediaFactory (482)
[2017.10.09-04.31.44:396][570]LogModuleManager: Shutting down and abandoning module AvfMediaEditor (480)
[2017.10.09-04.31.44:396][570]LogModuleManager: Shutting down and abandoning module AndroidMediaFactory (478)
[2017.10.09-04.31.44:396][570]LogModuleManager: Shutting down and abandoning module Media (477)
[2017.10.09-04.31.44:396][570]LogModuleManager: Shutting down and abandoning module AndroidMediaEditor (474)
[2017.10.09-04.31.44:396][570]LogModuleManager: Shutting down and abandoning module CharacterAI (472)
[2017.10.09-04.31.44:396][570]LogModuleManager: Shutting down and abandoning module AudioCapture (470)
[2017.10.09-04.31.44:396][570]LogModuleManager: Shutting down and abandoning module SequenceRecorder (469)
[2017.10.09-04.31.44:396][570]LogModuleManager: Shutting down and abandoning module SmartSnapping (466)
[2017.10.09-04.31.44:396][570]LogModuleManager: Shutting down and abandoning module SessionServices (464)
[2017.10.09-04.31.44:396][570]LogModuleManager: Shutting down and abandoning module ViewportSnapping (462)
[2017.10.09-04.31.44:396][570]LogModuleManager: Shutting down and abandoning module ViewportInteraction (460)
[2017.10.09-04.31.44:396][570]LogModuleManager: Shutting down and abandoning module ClothPainter (458)
[2017.10.09-04.31.44:396][570]LogModuleManager: Shutting down and abandoning module LogVisualizer (456)
[2017.10.09-04.31.44:396][570]LogModuleManager: Shutting down and abandoning module IntroTutorials (454)
[2017.10.09-04.31.44:396][570]LogModuleManager: Shutting down and abandoning module GameProjectGeneration (453)
[2017.10.09-04.31.44:396][570]LogModuleManager: Shutting down and abandoning module IOSPlatformEditor (450)
[2017.10.09-04.31.44:396][570]LogModuleManager: Shutting down and abandoning module HTML5PlatformEditor (448)
[2017.10.09-04.31.44:396][570]LogModuleManager: Shutting down and abandoning module AndroidPlatformEditor (446)
[2017.10.09-04.31.44:396][570]LogModuleManager: Shutting down and abandoning module AndroidDeviceDetection (445)
